<?xml version="1.0" encoding="UTF-8"?>
<!-- Generated by org.testng.reporters.JUnitReportReporter -->
<testsuite hostname="shiva8125" failures="0" tests="1" name="testCases.TC_003_LoginTest" time="0.924" errors="0" timestamp="2023-06-23T16:26:07 EDT" skipped="0">
  <testcase classname="testCases.TC_003_LoginTest" name="test_login" time="0.924"/>
  <system-out/>
</testsuite> <!-- testCases.TC_003_LoginTest -->
