<?xml version="1.0" encoding="UTF-8"?>
<!-- Generated by org.testng.reporters.JUnitReportReporter -->
<testsuite hostname="shiva8125" failures="0" tests="1" name="testCases.TC_002_Searchproduct" time="0.517" errors="0" timestamp="2023-05-11T11:44:30 EDT" skipped="0">
  <testcase classname="testCases.TC_002_Searchproduct" name="search_product" time="0.517"/>
  <system-out/>
</testsuite> <!-- testCases.TC_002_Searchproduct -->
