<?xml version="1.0" encoding="UTF-8"?>
<!-- Generated by org.testng.reporters.JUnitReportReporter -->
<testsuite hostname="shiva8125" failures="0" tests="1" name="testCases.TC_001_AccountRegistrationTest" time="1.214" errors="0" timestamp="2023-05-11T11:44:30 EDT" skipped="0">
  <testcase classname="testCases.TC_001_AccountRegistrationTest" name="test_account_Registration" time="1.214"/>
  <system-out/>
</testsuite> <!-- testCases.TC_001_AccountRegistrationTest -->
