<?xml version="1.0" encoding="UTF-8"?>
<!-- Generated by org.testng.reporters.JUnitReportReporter -->
<testsuite hostname="shiva8125" failures="0" tests="1" name="testCases.TC_001_AccountRegistrationTest" time="1.133" errors="0" timestamp="2023-04-26T17:04:01 EDT" skipped="0">
  <testcase classname="testCases.TC_001_AccountRegistrationTest" name="test_account_Registration" time="1.133"/>
  <system-out/>
</testsuite> <!-- testCases.TC_001_AccountRegistrationTest -->
